<?xml version="1.0" encoding="UTF-8"?>
<!-- Generated by org.testng.reporters.JUnitXMLReporter -->
<testsuite ignored="4" hostname="Poovannas-Thinkpad" failures="0" tests="1" name="Default test" time="0.148" errors="0" timestamp="2024-09-07T11:42:59 IST">
  <testcase classname="base.BaseClass" name="@BeforeClass launchBrowser" time="-1.725689579413E9">
    <failure type="org.testng.TestNGException" message="
Parameter &amp;apos;browser&amp;apos; is required by BeforeClass on method launchBrowser but has not been marked @Optional or defined
in C:\Users\Poovanna HG\AppData\Local\Temp\testng-eclipse--964410646\testng-customsuite.xml">
      <![CDATA[org.testng.TestNGException: 
Parameter 'browser' is required by BeforeClass on method launchBrowser but has not been marked @Optional or defined
in C:\Users\Poovanna HG\AppData\Local\Temp\testng-eclipse--964410646\testng-customsuite.xml
at org.testng.internal.Parameters.createParams(Parameters.java:270)
at org.testng.internal.Parameters.createParametersForMethod(Parameters.java:358)
at org.testng.internal.Parameters.createParameters(Parameters.java:700)
at org.testng.internal.Parameters.createConfigurationParameters(Parameters.java:168)
at org.testng.internal.ConfigInvoker.invokeConfigurations(ConfigInvoker.java:302)
at org.testng.internal.TestMethodWorker.invokeBeforeClassMethods(TestMethodWorker.java:176)
at org.testng.internal.TestMethodWorker.run(TestMethodWorker.java:122)
at java.base/java.util.ArrayList.forEach(ArrayList.java:1596)
at org.testng.TestRunner.privateRun(TestRunner.java:794)
at org.testng.TestRunner.run(TestRunner.java:596)
at org.testng.SuiteRunner.runTest(SuiteRunner.java:377)
at org.testng.SuiteRunner.runSequentially(SuiteRunner.java:371)
at org.testng.SuiteRunner.privateRun(SuiteRunner.java:332)
at org.testng.SuiteRunner.run(SuiteRunner.java:276)
at org.testng.SuiteRunnerWorker.runSuite(SuiteRunnerWorker.java:53)
at org.testng.SuiteRunnerWorker.run(SuiteRunnerWorker.java:96)
at org.testng.TestNG.runSuitesSequentially(TestNG.java:1212)
at org.testng.TestNG.runSuitesLocally(TestNG.java:1134)
at org.testng.TestNG.runSuites(TestNG.java:1063)
at org.testng.TestNG.run(TestNG.java:1031)
at org.testng.remote.AbstractRemoteTestNG.run(AbstractRemoteTestNG.java:115)
at org.testng.remote.RemoteTestNG.initAndRun(RemoteTestNG.java:293)
at org.testng.remote.RemoteTestNG.main(RemoteTestNG.java:91)
]]>
    </failure>
  </testcase> <!-- @BeforeClass launchBrowser -->
  <testcase classname="testcases.Qkart_project" name="@BeforeClass setUp" time="-1.725689579477E9">
    <skipped/>
  </testcase> <!-- @BeforeClass setUp -->
  <testcase classname="testcases.Qkart_project" name="@AfterClass closeTheBrowser" time="-1.725689579512E9">
    <skipped/>
  </testcase> <!-- @AfterClass closeTheBrowser -->
  <testcase classname="testcases.Qkart_project" name="testClass1" time="0.0">
    <skipped/>
  </testcase> <!-- testClass1 -->
  <testcase classname="testcases.Qkart_project" name="testClass3" time="0.0">
    <ignored/>
  </testcase> <!-- testClass3 -->
  <testcase classname="testcases.Qkart_project" name="testClass5" time="0.0">
    <ignored/>
  </testcase> <!-- testClass5 -->
  <testcase classname="testcases.Qkart_project" name="testClass2" time="0.0">
    <ignored/>
  </testcase> <!-- testClass2 -->
  <testcase classname="testcases.Qkart_project" name="testClass4" time="0.0">
    <ignored/>
  </testcase> <!-- testClass4 -->
</testsuite> <!-- Default test -->
